<?xml version="1.0" encoding="UTF-8"?>
<!-- Generated by org.testng.reporters.JUnitXMLReporter -->
<testsuite ignored="0" hostname="DESKTOP-H0SHG5R" failures="0" tests="3" name="Default test" time="0.055" errors="0" timestamp="2022-10-13T15:31:09 IST">
  <testcase classname="com.asserts.Assertions" name="NumberAccuracy" time="0.01"/>
  <testcase classname="com.asserts.Assertions" name="NumberAccuracy2" time="0.002"/>
  <testcase classname="com.asserts.Assertions" name="NumberAccuracy3" time="0.001"/>
</testsuite> <!-- Default test -->
